This file contains any messages produced by compilers while
running configure, to aid debugging if configure makes a mistake.

It was created by zeromq configure 3.2.1, which was
generated by GNU Autoconf 2.69.  Invocation command line was

  $ ./configure --disable-shared

## --------- ##
## Platform. ##
## --------- ##

hostname = ludatop
uname -m = x86_64
uname -r = 3.11.7-200.fc19.x86_64
uname -s = Linux
uname -v = #1 SMP Mon Nov 4 14:09:03 UTC 2013

/usr/bin/uname -p = x86_64
/bin/uname -X     = unknown

/bin/arch              = x86_64
/usr/bin/arch -k       = unknown
/usr/convex/getsysinfo = unknown
/usr/bin/hostinfo      = unknown
/bin/machine           = unknown
/usr/bin/oslevel       = unknown
/bin/universe          = unknown

PATH: /usr/lib64/qt-3.3/bin
PATH: /usr/local/bin
PATH: /usr/bin
PATH: /bin
PATH: /usr/local/sbin
PATH: /usr/sbin
PATH: /home/adomurad/.local/bin
PATH: /home/adomurad/bin


## ----------- ##
## Core tests. ##
## ----------- ##

configure:2761: checking for a BSD-compatible install
configure:2829: result: /usr/bin/install -c
configure:2840: checking whether build environment is sane
configure:2895: result: yes
configure:3046: checking for a thread-safe mkdir -p
configure:3085: result: /usr/bin/mkdir -p
configure:3092: checking for gawk
configure:3108: found /usr/bin/gawk
configure:3119: result: gawk
configure:3130: checking whether make sets $(MAKE)
configure:3152: result: yes
configure:3181: checking whether make supports nested variables
configure:3198: result: yes
configure:3287: checking whether UID '1000' is supported by ustar format
configure:3290: result: yes
configure:3297: checking whether GID '1000' is supported by ustar format
configure:3300: result: yes
configure:3308: checking how to create a ustar tar archive
configure:3319: tar --version
tar (GNU tar) 1.26
Copyright (C) 2011 Free Software Foundation, Inc.
License GPLv3+: GNU GPL version 3 or later <http://gnu.org/licenses/gpl.html>.
This is free software: you are free to change and redistribute it.
There is NO WARRANTY, to the extent permitted by law.

Written by John Gilmore and Jay Fenlason.
configure:3322: $? = 0
configure:3362: tardir=conftest.dir && eval tar --format=ustar -chf - "$tardir" >conftest.tar
configure:3365: $? = 0
configure:3369: tar -xf - <conftest.tar
configure:3372: $? = 0
configure:3374: cat conftest.dir/file
GrepMe
configure:3377: $? = 0
configure:3390: result: gnutar
configure:3409: checking whether make supports nested variables
configure:3426: result: yes
configure:3512: checking for gcc
configure:3528: found /usr/bin/gcc
configure:3539: result: gcc
configure:3768: checking for C compiler version
configure:3777: gcc --version >&5
gcc (GCC) 4.8.2 20131212 (Red Hat 4.8.2-7)
Copyright (C) 2013 Free Software Foundation, Inc.
This is free software; see the source for copying conditions.  There is NO
warranty; not even for MERCHANTABILITY or FITNESS FOR A PARTICULAR PURPOSE.

configure:3788: $? = 0
configure:3777: gcc -v >&5
Using built-in specs.
COLLECT_GCC=gcc
COLLECT_LTO_WRAPPER=/usr/libexec/gcc/x86_64-redhat-linux/4.8.2/lto-wrapper
Target: x86_64-redhat-linux
Configured with: ../configure --prefix=/usr --mandir=/usr/share/man --infodir=/usr/share/info --with-bugurl=http://bugzilla.redhat.com/bugzilla --enable-bootstrap --enable-shared --enable-threads=posix --enable-checking=release --with-system-zlib --enable-__cxa_atexit --disable-libunwind-exceptions --enable-gnu-unique-object --enable-linker-build-id --with-linker-hash-style=gnu --enable-languages=c,c++,objc,obj-c++,java,fortran,ada,go,lto --enable-plugin --enable-initfini-array --enable-java-awt=gtk --disable-dssi --with-java-home=/usr/lib/jvm/java-1.5.0-gcj-1.5.0.0/jre --enable-libgcj-multifile --enable-java-maintainer-mode --with-ecj-jar=/usr/share/java/eclipse-ecj.jar --disable-libjava-multilib --with-isl=/builddir/build/BUILD/gcc-4.8.2-20131212/obj-x86_64-redhat-linux/isl-install --with-cloog=/builddir/build/BUILD/gcc-4.8.2-20131212/obj-x86_64-redhat-linux/cloog-install --with-tune=generic --with-arch_32=i686 --build=x86_64-redhat-linux
Thread model: posix
gcc version 4.8.2 20131212 (Red Hat 4.8.2-7) (GCC) 
configure:3788: $? = 0
configure:3777: gcc -V >&5
gcc: error: unrecognized command line option '-V'
gcc: fatal error: no input files
compilation terminated.
configure:3788: $? = 4
configure:3777: gcc -qversion >&5
gcc: error: unrecognized command line option '-qversion'
gcc: fatal error: no input files
compilation terminated.
configure:3788: $? = 4
configure:3808: checking whether the C compiler works
configure:3830: gcc    conftest.c  >&5
configure:3834: $? = 0
configure:3882: result: yes
configure:3885: checking for C compiler default output file name
configure:3887: result: a.out
configure:3893: checking for suffix of executables
configure:3900: gcc -o conftest    conftest.c  >&5
configure:3904: $? = 0
configure:3926: result: 
configure:3948: checking whether we are cross compiling
configure:3956: gcc -o conftest    conftest.c  >&5
configure:3960: $? = 0
configure:3967: ./conftest
configure:3971: $? = 0
configure:3986: result: no
configure:3991: checking for suffix of object files
configure:4013: gcc -c   conftest.c >&5
configure:4017: $? = 0
configure:4038: result: o
configure:4042: checking whether we are using the GNU C compiler
configure:4061: gcc -c   conftest.c >&5
configure:4061: $? = 0
configure:4070: result: yes
configure:4079: checking whether gcc accepts -g
configure:4099: gcc -c -g  conftest.c >&5
configure:4099: $? = 0
configure:4140: result: yes
configure:4157: checking for gcc option to accept ISO C89
configure:4220: gcc  -c -g -O2  conftest.c >&5
configure:4220: $? = 0
configure:4233: result: none needed
configure:4264: checking for style of include used by make
configure:4292: result: GNU
configure:4318: checking dependency style of gcc
configure:4429: result: gcc3
configure:4444: checking for gcc option to accept ISO C99
configure:4593: gcc  -c -g -O2  conftest.c >&5
conftest.c:61:29: error: expected ';', ',' or ')' before 'text'
 test_restrict (ccp restrict text)
                             ^
conftest.c: In function 'main':
conftest.c:115:18: error: expected '=', ',', ';', 'asm' or '__attribute__' before 'newvar'
   char *restrict newvar = "Another string";
                  ^
conftest.c:115:18: error: 'newvar' undeclared (first use in this function)
conftest.c:115:18: note: each undeclared identifier is reported only once for each function it appears in
conftest.c:125:3: error: 'for' loop initial declarations are only allowed in C99 mode
   for (int i = 0; i < ia->datasize; ++i)
   ^
conftest.c:125:3: note: use option -std=c99 or -std=gnu99 to compile your code
configure:4593: $? = 1
configure: failed program was:
| /* confdefs.h */
| #define PACKAGE_NAME "zeromq"
| #define PACKAGE_TARNAME "zeromq"
| #define PACKAGE_VERSION "3.2.1"
| #define PACKAGE_STRING "zeromq 3.2.1"
| #define PACKAGE_BUGREPORT "zeromq-dev@lists.zeromq.org"
| #define PACKAGE_URL ""
| #define PACKAGE "zeromq"
| #define VERSION "3.2.1"
| /* end confdefs.h.  */
| #include <stdarg.h>
| #include <stdbool.h>
| #include <stdlib.h>
| #include <wchar.h>
| #include <stdio.h>
| 
| // Check varargs macros.  These examples are taken from C99 6.10.3.5.
| #define debug(...) fprintf (stderr, __VA_ARGS__)
| #define showlist(...) puts (#__VA_ARGS__)
| #define report(test,...) ((test) ? puts (#test) : printf (__VA_ARGS__))
| static void
| test_varargs_macros (void)
| {
|   int x = 1234;
|   int y = 5678;
|   debug ("Flag");
|   debug ("X = %d\n", x);
|   showlist (The first, second, and third items.);
|   report (x>y, "x is %d but y is %d", x, y);
| }
| 
| // Check long long types.
| #define BIG64 18446744073709551615ull
| #define BIG32 4294967295ul
| #define BIG_OK (BIG64 / BIG32 == 4294967297ull && BIG64 % BIG32 == 0)
| #if !BIG_OK
|   your preprocessor is broken;
| #endif
| #if BIG_OK
| #else
|   your preprocessor is broken;
| #endif
| static long long int bignum = -9223372036854775807LL;
| static unsigned long long int ubignum = BIG64;
| 
| struct incomplete_array
| {
|   int datasize;
|   double data[];
| };
| 
| struct named_init {
|   int number;
|   const wchar_t *name;
|   double average;
| };
| 
| typedef const char *ccp;
| 
| static inline int
| test_restrict (ccp restrict text)
| {
|   // See if C++-style comments work.
|   // Iterate through items via the restricted pointer.
|   // Also check for declarations in for loops.
|   for (unsigned int i = 0; *(text+i) != '\0'; ++i)
|     continue;
|   return 0;
| }
| 
| // Check varargs and va_copy.
| static void
| test_varargs (const char *format, ...)
| {
|   va_list args;
|   va_start (args, format);
|   va_list args_copy;
|   va_copy (args_copy, args);
| 
|   const char *str;
|   int number;
|   float fnumber;
| 
|   while (*format)
|     {
|       switch (*format++)
| 	{
| 	case 's': // string
| 	  str = va_arg (args_copy, const char *);
| 	  break;
| 	case 'd': // int
| 	  number = va_arg (args_copy, int);
| 	  break;
| 	case 'f': // float
| 	  fnumber = va_arg (args_copy, double);
| 	  break;
| 	default:
| 	  break;
| 	}
|     }
|   va_end (args_copy);
|   va_end (args);
| }
| 
| int
| main ()
| {
| 
|   // Check bool.
|   _Bool success = false;
| 
|   // Check restrict.
|   if (test_restrict ("String literal") == 0)
|     success = true;
|   char *restrict newvar = "Another string";
| 
|   // Check varargs.
|   test_varargs ("s, d' f .", "string", 65, 34.234);
|   test_varargs_macros ();
| 
|   // Check flexible array members.
|   struct incomplete_array *ia =
|     malloc (sizeof (struct incomplete_array) + (sizeof (double) * 10));
|   ia->datasize = 10;
|   for (int i = 0; i < ia->datasize; ++i)
|     ia->data[i] = i * 1.234;
| 
|   // Check named initializers.
|   struct named_init ni = {
|     .number = 34,
|     .name = L"Test wide string",
|     .average = 543.34343,
|   };
| 
|   ni.number = 58;
| 
|   int dynamic_array[ni.number];
|   dynamic_array[ni.number - 1] = 543;
| 
|   // work around unused variable warnings
|   return (!success || bignum == 0LL || ubignum == 0uLL || newvar[0] == 'x'
| 	  || dynamic_array[ni.number - 1] != 543);
| 
|   ;
|   return 0;
| }
configure:4593: gcc -std=gnu99 -c -g -O2  conftest.c >&5
configure:4593: $? = 0
configure:4613: result: -std=gnu99
configure:4679: checking for g++
configure:4695: found /usr/bin/g++
configure:4706: result: g++
configure:4733: checking for C++ compiler version
configure:4742: g++ --version >&5
g++ (GCC) 4.8.2 20131212 (Red Hat 4.8.2-7)
Copyright (C) 2013 Free Software Foundation, Inc.
This is free software; see the source for copying conditions.  There is NO
warranty; not even for MERCHANTABILITY or FITNESS FOR A PARTICULAR PURPOSE.

configure:4753: $? = 0
configure:4742: g++ -v >&5
Using built-in specs.
COLLECT_GCC=g++
COLLECT_LTO_WRAPPER=/usr/libexec/gcc/x86_64-redhat-linux/4.8.2/lto-wrapper
Target: x86_64-redhat-linux
Configured with: ../configure --prefix=/usr --mandir=/usr/share/man --infodir=/usr/share/info --with-bugurl=http://bugzilla.redhat.com/bugzilla --enable-bootstrap --enable-shared --enable-threads=posix --enable-checking=release --with-system-zlib --enable-__cxa_atexit --disable-libunwind-exceptions --enable-gnu-unique-object --enable-linker-build-id --with-linker-hash-style=gnu --enable-languages=c,c++,objc,obj-c++,java,fortran,ada,go,lto --enable-plugin --enable-initfini-array --enable-java-awt=gtk --disable-dssi --with-java-home=/usr/lib/jvm/java-1.5.0-gcj-1.5.0.0/jre --enable-libgcj-multifile --enable-java-maintainer-mode --with-ecj-jar=/usr/share/java/eclipse-ecj.jar --disable-libjava-multilib --with-isl=/builddir/build/BUILD/gcc-4.8.2-20131212/obj-x86_64-redhat-linux/isl-install --with-cloog=/builddir/build/BUILD/gcc-4.8.2-20131212/obj-x86_64-redhat-linux/cloog-install --with-tune=generic --with-arch_32=i686 --build=x86_64-redhat-linux
Thread model: posix
gcc version 4.8.2 20131212 (Red Hat 4.8.2-7) (GCC) 
configure:4753: $? = 0
configure:4742: g++ -V >&5
g++: error: unrecognized command line option '-V'
g++: fatal error: no input files
compilation terminated.
configure:4753: $? = 4
configure:4742: g++ -qversion >&5
g++: error: unrecognized command line option '-qversion'
g++: fatal error: no input files
compilation terminated.
configure:4753: $? = 4
configure:4757: checking whether we are using the GNU C++ compiler
configure:4776: g++ -c   conftest.cpp >&5
configure:4776: $? = 0
configure:4785: result: yes
configure:4794: checking whether g++ accepts -g
configure:4814: g++ -c -g  conftest.cpp >&5
configure:4814: $? = 0
configure:4855: result: yes
configure:4880: checking dependency style of g++
configure:4991: result: gcc3
configure:5007: checking whether gcc -std=gnu99 and cc understand -c and -o together
configure:5038: gcc -std=gnu99 -c conftest.c -o conftest2.o >&5
configure:5042: $? = 0
configure:5048: gcc -std=gnu99 -c conftest.c -o conftest2.o >&5
configure:5052: $? = 0
configure:5063: cc -c conftest.c >&5
configure:5067: $? = 0
configure:5075: cc -c conftest.c -o conftest2.o >&5
configure:5079: $? = 0
configure:5085: cc -c conftest.c -o conftest2.o >&5
configure:5089: $? = 0
configure:5107: result: yes
configure:5132: checking for a sed that does not truncate output
configure:5196: result: /usr/bin/sed
configure:5205: checking for gawk
configure:5232: result: gawk
configure:5248: checking for xmlto
configure:5281: result: no
configure:5289: checking for asciidoc
configure:5322: result: no
configure:5331: checking build system type
configure:5345: result: x86_64-unknown-linux-gnu
configure:5365: checking host system type
configure:5378: result: x86_64-unknown-linux-gnu
configure:5819: checking how to print strings
configure:5846: result: printf
configure:5867: checking for a sed that does not truncate output
configure:5931: result: /usr/bin/sed
configure:5949: checking for grep that handles long lines and -e
configure:6007: result: /usr/bin/grep
configure:6012: checking for egrep
configure:6074: result: /usr/bin/grep -E
configure:6079: checking for fgrep
configure:6141: result: /usr/bin/grep -F
configure:6176: checking for ld used by gcc -std=gnu99
configure:6243: result: /usr/bin/ld
configure:6250: checking if the linker (/usr/bin/ld) is GNU ld
configure:6265: result: yes
configure:6277: checking for BSD- or MS-compatible name lister (nm)
configure:6326: result: /usr/bin/nm -B
configure:6456: checking the name lister (/usr/bin/nm -B) interface
configure:6463: gcc -std=gnu99 -c -g -O2  conftest.c >&5
configure:6466: /usr/bin/nm -B "conftest.o"
configure:6469: output
0000000000000000 B some_variable
configure:6476: result: BSD nm
configure:6479: checking whether ln -s works
configure:6483: result: yes
configure:6491: checking the maximum length of command line arguments
configure:6621: result: 1572864
configure:6638: checking whether the shell understands some XSI constructs
configure:6648: result: yes
configure:6652: checking whether the shell understands "+="
configure:6658: result: yes
configure:6693: checking how to convert x86_64-unknown-linux-gnu file names to x86_64-unknown-linux-gnu format
configure:6733: result: func_convert_file_noop
configure:6740: checking how to convert x86_64-unknown-linux-gnu file names to toolchain format
configure:6760: result: func_convert_file_noop
configure:6767: checking for /usr/bin/ld option to reload object files
configure:6774: result: -r
configure:6848: checking for objdump
configure:6875: result: objdump
configure:6904: checking how to recognize dependent libraries
configure:7106: result: pass_all
configure:7191: checking for dlltool
configure:7218: result: dlltool
configure:7248: checking how to associate runtime and link libraries
configure:7275: result: printf %s\n
configure:7336: checking for ar
configure:7352: found /usr/bin/ar
configure:7363: result: ar
configure:7400: checking for archiver @FILE support
configure:7417: gcc -std=gnu99 -c -g -O2  conftest.c >&5
configure:7417: $? = 0
configure:7420: ar cru libconftest.a @conftest.lst >&5
configure:7423: $? = 0
configure:7428: ar cru libconftest.a @conftest.lst >&5
ar: conftest.o: No such file or directory
configure:7431: $? = 1
configure:7443: result: @
configure:7501: checking for strip
configure:7517: found /usr/bin/strip
configure:7528: result: strip
configure:7600: checking for ranlib
configure:7616: found /usr/bin/ranlib
configure:7627: result: ranlib
configure:7729: checking command to parse /usr/bin/nm -B output from gcc -std=gnu99 object
configure:7849: gcc -std=gnu99 -c -g -O2  conftest.c >&5
configure:7852: $? = 0
configure:7856: /usr/bin/nm -B conftest.o \| sed -n -e 's/^.*[ ]\([ABCDGIRSTW][ABCDGIRSTW]*\)[ ][ ]*\([_A-Za-z][_A-Za-z0-9]*\)$/\1 \2 \2/p' | sed '/ __gnu_lto/d' \> conftest.nm
configure:7859: $? = 0
configure:7925: gcc -std=gnu99 -o conftest -g -O2   conftest.c conftstm.o >&5
configure:7928: $? = 0
configure:7966: result: ok
configure:8003: checking for sysroot
configure:8033: result: no
configure:8110: gcc -std=gnu99 -c -g -O2  conftest.c >&5
configure:8113: $? = 0
configure:8295: checking for mt
configure:8325: result: no
configure:8345: checking if : is a manifest tool
configure:8351: : '-?'
configure:8359: result: no
configure:9001: checking how to run the C preprocessor
configure:9032: gcc -std=gnu99 -E  conftest.c
configure:9032: $? = 0
configure:9046: gcc -std=gnu99 -E  conftest.c
conftest.c:11:28: fatal error: ac_nonexistent.h: No such file or directory
 #include <ac_nonexistent.h>
                            ^
compilation terminated.
configure:9046: $? = 1
configure: failed program was:
| /* confdefs.h */
| #define PACKAGE_NAME "zeromq"
| #define PACKAGE_TARNAME "zeromq"
| #define PACKAGE_VERSION "3.2.1"
| #define PACKAGE_STRING "zeromq 3.2.1"
| #define PACKAGE_BUGREPORT "zeromq-dev@lists.zeromq.org"
| #define PACKAGE_URL ""
| #define PACKAGE "zeromq"
| #define VERSION "3.2.1"
| /* end confdefs.h.  */
| #include <ac_nonexistent.h>
configure:9071: result: gcc -std=gnu99 -E
configure:9091: gcc -std=gnu99 -E  conftest.c
configure:9091: $? = 0
configure:9105: gcc -std=gnu99 -E  conftest.c
conftest.c:11:28: fatal error: ac_nonexistent.h: No such file or directory
 #include <ac_nonexistent.h>
                            ^
compilation terminated.
configure:9105: $? = 1
configure: failed program was:
| /* confdefs.h */
| #define PACKAGE_NAME "zeromq"
| #define PACKAGE_TARNAME "zeromq"
| #define PACKAGE_VERSION "3.2.1"
| #define PACKAGE_STRING "zeromq 3.2.1"
| #define PACKAGE_BUGREPORT "zeromq-dev@lists.zeromq.org"
| #define PACKAGE_URL ""
| #define PACKAGE "zeromq"
| #define VERSION "3.2.1"
| /* end confdefs.h.  */
| #include <ac_nonexistent.h>
configure:9134: checking for ANSI C header files
configure:9154: gcc -std=gnu99 -c -g -O2  conftest.c >&5
configure:9154: $? = 0
configure:9227: gcc -std=gnu99 -o conftest -g -O2   conftest.c  >&5
configure:9227: $? = 0
configure:9227: ./conftest
configure:9227: $? = 0
configure:9238: result: yes
configure:9251: checking for sys/types.h
configure:9251: gcc -std=gnu99 -c -g -O2  conftest.c >&5
configure:9251: $? = 0
configure:9251: result: yes
configure:9251: checking for sys/stat.h
configure:9251: gcc -std=gnu99 -c -g -O2  conftest.c >&5
configure:9251: $? = 0
configure:9251: result: yes
configure:9251: checking for stdlib.h
configure:9251: gcc -std=gnu99 -c -g -O2  conftest.c >&5
configure:9251: $? = 0
configure:9251: result: yes
configure:9251: checking for string.h
configure:9251: gcc -std=gnu99 -c -g -O2  conftest.c >&5
configure:9251: $? = 0
configure:9251: result: yes
configure:9251: checking for memory.h
configure:9251: gcc -std=gnu99 -c -g -O2  conftest.c >&5
configure:9251: $? = 0
configure:9251: result: yes
configure:9251: checking for strings.h
configure:9251: gcc -std=gnu99 -c -g -O2  conftest.c >&5
configure:9251: $? = 0
configure:9251: result: yes
configure:9251: checking for inttypes.h
configure:9251: gcc -std=gnu99 -c -g -O2  conftest.c >&5
configure:9251: $? = 0
configure:9251: result: yes
configure:9251: checking for stdint.h
configure:9251: gcc -std=gnu99 -c -g -O2  conftest.c >&5
configure:9251: $? = 0
configure:9251: result: yes
configure:9251: checking for unistd.h
configure:9251: gcc -std=gnu99 -c -g -O2  conftest.c >&5
configure:9251: $? = 0
configure:9251: result: yes
configure:9265: checking for dlfcn.h
configure:9265: gcc -std=gnu99 -c -g -O2  conftest.c >&5
configure:9265: $? = 0
configure:9265: result: yes
configure:9450: checking for objdir
configure:9465: result: .libs
configure:9736: checking if gcc -std=gnu99 supports -fno-rtti -fno-exceptions
configure:9754: gcc -std=gnu99 -c -g -O2  -fno-rtti -fno-exceptions conftest.c >&5
cc1: warning: command line option '-fno-rtti' is valid for C++/ObjC++ but not for C [enabled by default]
configure:9758: $? = 0
configure:9771: result: no
configure:10098: checking for gcc -std=gnu99 option to produce PIC
configure:10105: result: -fPIC -DPIC
configure:10113: checking if gcc -std=gnu99 PIC flag -fPIC -DPIC works
configure:10131: gcc -std=gnu99 -c -g -O2  -fPIC -DPIC -DPIC conftest.c >&5
configure:10135: $? = 0
configure:10148: result: yes
configure:10177: checking if gcc -std=gnu99 static flag -static works
configure:10205: result: no
configure:10220: checking if gcc -std=gnu99 supports -c -o file.o
configure:10241: gcc -std=gnu99 -c -g -O2  -o out/conftest2.o conftest.c >&5
configure:10245: $? = 0
configure:10267: result: yes
configure:10275: checking if gcc -std=gnu99 supports -c -o file.o
configure:10322: result: yes
configure:10355: checking whether the gcc -std=gnu99 linker (/usr/bin/ld -m elf_x86_64) supports shared libraries
configure:11508: result: yes
configure:11748: checking dynamic linker characteristics
configure:12259: gcc -std=gnu99 -o conftest -g -O2   -Wl,-rpath -Wl,/foo conftest.c  >&5
configure:12259: $? = 0
configure:12485: result: GNU/Linux ld.so
configure:12592: checking how to hardcode library paths into programs
configure:12617: result: immediate
configure:13157: checking whether stripping libraries is possible
configure:13162: result: yes
configure:13197: checking if libtool supports shared libraries
configure:13199: result: yes
configure:13202: checking whether to build shared libraries
configure:13223: result: no
configure:13226: checking whether to build static libraries
configure:13230: result: yes
configure:13253: checking how to run the C++ preprocessor
configure:13280: g++ -E  conftest.cpp
configure:13280: $? = 0
configure:13294: g++ -E  conftest.cpp
conftest.cpp:23:28: fatal error: ac_nonexistent.h: No such file or directory
 #include <ac_nonexistent.h>
                            ^
compilation terminated.
configure:13294: $? = 1
configure: failed program was:
| /* confdefs.h */
| #define PACKAGE_NAME "zeromq"
| #define PACKAGE_TARNAME "zeromq"
| #define PACKAGE_VERSION "3.2.1"
| #define PACKAGE_STRING "zeromq 3.2.1"
| #define PACKAGE_BUGREPORT "zeromq-dev@lists.zeromq.org"
| #define PACKAGE_URL ""
| #define PACKAGE "zeromq"
| #define VERSION "3.2.1"
| #define STDC_HEADERS 1
| #define HAVE_SYS_TYPES_H 1
| #define HAVE_SYS_STAT_H 1
| #define HAVE_STDLIB_H 1
| #define HAVE_STRING_H 1
| #define HAVE_MEMORY_H 1
| #define HAVE_STRINGS_H 1
| #define HAVE_INTTYPES_H 1
| #define HAVE_STDINT_H 1
| #define HAVE_UNISTD_H 1
| #define HAVE_DLFCN_H 1
| #define LT_OBJDIR ".libs/"
| /* end confdefs.h.  */
| #include <ac_nonexistent.h>
configure:13319: result: g++ -E
configure:13339: g++ -E  conftest.cpp
configure:13339: $? = 0
configure:13353: g++ -E  conftest.cpp
conftest.cpp:23:28: fatal error: ac_nonexistent.h: No such file or directory
 #include <ac_nonexistent.h>
                            ^
compilation terminated.
configure:13353: $? = 1
configure: failed program was:
| /* confdefs.h */
| #define PACKAGE_NAME "zeromq"
| #define PACKAGE_TARNAME "zeromq"
| #define PACKAGE_VERSION "3.2.1"
| #define PACKAGE_STRING "zeromq 3.2.1"
| #define PACKAGE_BUGREPORT "zeromq-dev@lists.zeromq.org"
| #define PACKAGE_URL ""
| #define PACKAGE "zeromq"
| #define VERSION "3.2.1"
| #define STDC_HEADERS 1
| #define HAVE_SYS_TYPES_H 1
| #define HAVE_SYS_STAT_H 1
| #define HAVE_STDLIB_H 1
| #define HAVE_STRING_H 1
| #define HAVE_MEMORY_H 1
| #define HAVE_STRINGS_H 1
| #define HAVE_INTTYPES_H 1
| #define HAVE_STDINT_H 1
| #define HAVE_UNISTD_H 1
| #define HAVE_DLFCN_H 1
| #define LT_OBJDIR ".libs/"
| /* end confdefs.h.  */
| #include <ac_nonexistent.h>
configure:13522: checking for ld used by g++
configure:13589: result: /usr/bin/ld -m elf_x86_64
configure:13596: checking if the linker (/usr/bin/ld -m elf_x86_64) is GNU ld
configure:13611: result: yes
configure:13666: checking whether the g++ linker (/usr/bin/ld -m elf_x86_64) supports shared libraries
configure:14671: result: yes
configure:14707: g++ -c -g -O2  conftest.cpp >&5
configure:14710: $? = 0
configure:15230: checking for g++ option to produce PIC
configure:15237: result: -fPIC -DPIC
configure:15245: checking if g++ PIC flag -fPIC -DPIC works
configure:15263: g++ -c -g -O2  -fPIC -DPIC -DPIC conftest.cpp >&5
configure:15267: $? = 0
configure:15280: result: yes
configure:15303: checking if g++ static flag -static works
configure:15331: result: no
configure:15343: checking if g++ supports -c -o file.o
configure:15364: g++ -c -g -O2  -o out/conftest2.o conftest.cpp >&5
configure:15368: $? = 0
configure:15390: result: yes
configure:15395: checking if g++ supports -c -o file.o
configure:15442: result: yes
configure:15472: checking whether the g++ linker (/usr/bin/ld -m elf_x86_64) supports shared libraries
configure:15508: result: yes
configure:15649: checking dynamic linker characteristics
configure:16320: result: GNU/Linux ld.so
configure:16373: checking how to hardcode library paths into programs
configure:16398: result: immediate
configure:16471: checking whether the C compiler works
configure:16487: gcc -std=gnu99 -o conftest -g -O2   conftest.c  >&5
configure:16487: $? = 0
configure:16496: result: yes
configure:16504: checking whether we are using Intel C compiler
configure:16523: gcc -std=gnu99 -c -g -O2  conftest.c >&5
conftest.c: In function 'main':
conftest.c:28:8: error: 'error' undeclared (first use in this function)
        error if not ICC
        ^
conftest.c:28:8: note: each undeclared identifier is reported only once for each function it appears in
conftest.c:28:14: error: expected ';' before 'if'
        error if not ICC
              ^
configure:16523: $? = 1
configure: failed program was:
| /* confdefs.h */
| #define PACKAGE_NAME "zeromq"
| #define PACKAGE_TARNAME "zeromq"
| #define PACKAGE_VERSION "3.2.1"
| #define PACKAGE_STRING "zeromq 3.2.1"
| #define PACKAGE_BUGREPORT "zeromq-dev@lists.zeromq.org"
| #define PACKAGE_URL ""
| #define PACKAGE "zeromq"
| #define VERSION "3.2.1"
| #define STDC_HEADERS 1
| #define HAVE_SYS_TYPES_H 1
| #define HAVE_SYS_STAT_H 1
| #define HAVE_STDLIB_H 1
| #define HAVE_STRING_H 1
| #define HAVE_MEMORY_H 1
| #define HAVE_STRINGS_H 1
| #define HAVE_INTTYPES_H 1
| #define HAVE_STDINT_H 1
| #define HAVE_UNISTD_H 1
| #define HAVE_DLFCN_H 1
| #define LT_OBJDIR ".libs/"
| /* end confdefs.h.  */
| 
| int
| main ()
| {
| #ifndef __INTEL_COMPILER
|        error if not ICC
| #endif
| 
|   ;
|   return 0;
| }
configure:16531: result: no
configure:16533: checking whether we are using Sun Studio C compiler
configure:16552: gcc -std=gnu99 -c -g -O2  conftest.c >&5
conftest.c: In function 'main':
conftest.c:28:8: error: 'error' undeclared (first use in this function)
        error if not sun studio
        ^
conftest.c:28:8: note: each undeclared identifier is reported only once for each function it appears in
conftest.c:28:14: error: expected ';' before 'if'
        error if not sun studio
              ^
configure:16552: $? = 1
configure: failed program was:
| /* confdefs.h */
| #define PACKAGE_NAME "zeromq"
| #define PACKAGE_TARNAME "zeromq"
| #define PACKAGE_VERSION "3.2.1"
| #define PACKAGE_STRING "zeromq 3.2.1"
| #define PACKAGE_BUGREPORT "zeromq-dev@lists.zeromq.org"
| #define PACKAGE_URL ""
| #define PACKAGE "zeromq"
| #define VERSION "3.2.1"
| #define STDC_HEADERS 1
| #define HAVE_SYS_TYPES_H 1
| #define HAVE_SYS_STAT_H 1
| #define HAVE_STDLIB_H 1
| #define HAVE_STRING_H 1
| #define HAVE_MEMORY_H 1
| #define HAVE_STRINGS_H 1
| #define HAVE_INTTYPES_H 1
| #define HAVE_STDINT_H 1
| #define HAVE_UNISTD_H 1
| #define HAVE_DLFCN_H 1
| #define LT_OBJDIR ".libs/"
| /* end confdefs.h.  */
| 
| int
| main ()
| {
| #if !defined(__SUNPRO_CC) && !defined(__SUNPRO_C)
|        error if not sun studio
| #endif
| 
|   ;
|   return 0;
| }
configure:16560: result: no
configure:16562: checking whether we are using clang C compiler
configure:16581: gcc -std=gnu99 -c -g -O2  conftest.c >&5
conftest.c: In function 'main':
conftest.c:28:8: error: 'error' undeclared (first use in this function)
        error if not clang
        ^
conftest.c:28:8: note: each undeclared identifier is reported only once for each function it appears in
conftest.c:28:14: error: expected ';' before 'if'
        error if not clang
              ^
configure:16581: $? = 1
configure: failed program was:
| /* confdefs.h */
| #define PACKAGE_NAME "zeromq"
| #define PACKAGE_TARNAME "zeromq"
| #define PACKAGE_VERSION "3.2.1"
| #define PACKAGE_STRING "zeromq 3.2.1"
| #define PACKAGE_BUGREPORT "zeromq-dev@lists.zeromq.org"
| #define PACKAGE_URL ""
| #define PACKAGE "zeromq"
| #define VERSION "3.2.1"
| #define STDC_HEADERS 1
| #define HAVE_SYS_TYPES_H 1
| #define HAVE_SYS_STAT_H 1
| #define HAVE_STDLIB_H 1
| #define HAVE_STRING_H 1
| #define HAVE_MEMORY_H 1
| #define HAVE_STRINGS_H 1
| #define HAVE_INTTYPES_H 1
| #define HAVE_STDINT_H 1
| #define HAVE_UNISTD_H 1
| #define HAVE_DLFCN_H 1
| #define LT_OBJDIR ".libs/"
| /* end confdefs.h.  */
| 
| int
| main ()
| {
| #ifndef __clang__
|        error if not clang
| #endif
| 
|   ;
|   return 0;
| }
configure:16589: result: no
configure:16591: checking whether we are using gcc >= 4 C compiler
configure:16610: gcc -std=gnu99 -c -g -O2  conftest.c >&5
configure:16610: $? = 0
configure:16618: result: yes
configure:16635: checking whether the C++ compiler works
configure:16651: g++ -o conftest -g -O2   conftest.cpp  >&5
configure:16651: $? = 0
configure:16660: result: yes
configure:16668: checking whether we are using Intel C++ compiler
configure:16687: g++ -c -g -O2  conftest.cpp >&5
conftest.cpp: In function 'int main()':
conftest.cpp:28:8: error: 'error' was not declared in this scope
        error if not ICC
        ^
conftest.cpp:28:14: error: expected ';' before 'if'
        error if not ICC
              ^
configure:16687: $? = 1
configure: failed program was:
| /* confdefs.h */
| #define PACKAGE_NAME "zeromq"
| #define PACKAGE_TARNAME "zeromq"
| #define PACKAGE_VERSION "3.2.1"
| #define PACKAGE_STRING "zeromq 3.2.1"
| #define PACKAGE_BUGREPORT "zeromq-dev@lists.zeromq.org"
| #define PACKAGE_URL ""
| #define PACKAGE "zeromq"
| #define VERSION "3.2.1"
| #define STDC_HEADERS 1
| #define HAVE_SYS_TYPES_H 1
| #define HAVE_SYS_STAT_H 1
| #define HAVE_STDLIB_H 1
| #define HAVE_STRING_H 1
| #define HAVE_MEMORY_H 1
| #define HAVE_STRINGS_H 1
| #define HAVE_INTTYPES_H 1
| #define HAVE_STDINT_H 1
| #define HAVE_UNISTD_H 1
| #define HAVE_DLFCN_H 1
| #define LT_OBJDIR ".libs/"
| /* end confdefs.h.  */
| 
| int
| main ()
| {
| #ifndef __INTEL_COMPILER
|        error if not ICC
| #endif
| 
|   ;
|   return 0;
| }
configure:16695: result: no
configure:16697: checking whether we are using Sun Studio C++ compiler
configure:16716: g++ -c -g -O2  conftest.cpp >&5
conftest.cpp: In function 'int main()':
conftest.cpp:28:8: error: 'error' was not declared in this scope
        error if not sun studio
        ^
conftest.cpp:28:14: error: expected ';' before 'if'
        error if not sun studio
              ^
configure:16716: $? = 1
configure: failed program was:
| /* confdefs.h */
| #define PACKAGE_NAME "zeromq"
| #define PACKAGE_TARNAME "zeromq"
| #define PACKAGE_VERSION "3.2.1"
| #define PACKAGE_STRING "zeromq 3.2.1"
| #define PACKAGE_BUGREPORT "zeromq-dev@lists.zeromq.org"
| #define PACKAGE_URL ""
| #define PACKAGE "zeromq"
| #define VERSION "3.2.1"
| #define STDC_HEADERS 1
| #define HAVE_SYS_TYPES_H 1
| #define HAVE_SYS_STAT_H 1
| #define HAVE_STDLIB_H 1
| #define HAVE_STRING_H 1
| #define HAVE_MEMORY_H 1
| #define HAVE_STRINGS_H 1
| #define HAVE_INTTYPES_H 1
| #define HAVE_STDINT_H 1
| #define HAVE_UNISTD_H 1
| #define HAVE_DLFCN_H 1
| #define LT_OBJDIR ".libs/"
| /* end confdefs.h.  */
| 
| int
| main ()
| {
| #if !defined(__SUNPRO_CC) && !defined(__SUNPRO_C)
|        error if not sun studio
| #endif
| 
|   ;
|   return 0;
| }
configure:16724: result: no
configure:16726: checking whether we are using clang C++ compiler
configure:16745: g++ -c -g -O2  conftest.cpp >&5
conftest.cpp: In function 'int main()':
conftest.cpp:28:8: error: 'error' was not declared in this scope
        error if not clang
        ^
conftest.cpp:28:14: error: expected ';' before 'if'
        error if not clang
              ^
configure:16745: $? = 1
configure: failed program was:
| /* confdefs.h */
| #define PACKAGE_NAME "zeromq"
| #define PACKAGE_TARNAME "zeromq"
| #define PACKAGE_VERSION "3.2.1"
| #define PACKAGE_STRING "zeromq 3.2.1"
| #define PACKAGE_BUGREPORT "zeromq-dev@lists.zeromq.org"
| #define PACKAGE_URL ""
| #define PACKAGE "zeromq"
| #define VERSION "3.2.1"
| #define STDC_HEADERS 1
| #define HAVE_SYS_TYPES_H 1
| #define HAVE_SYS_STAT_H 1
| #define HAVE_STDLIB_H 1
| #define HAVE_STRING_H 1
| #define HAVE_MEMORY_H 1
| #define HAVE_STRINGS_H 1
| #define HAVE_INTTYPES_H 1
| #define HAVE_STDINT_H 1
| #define HAVE_UNISTD_H 1
| #define HAVE_DLFCN_H 1
| #define LT_OBJDIR ".libs/"
| /* end confdefs.h.  */
| 
| int
| main ()
| {
| #ifndef __clang__
|        error if not clang
| #endif
| 
|   ;
|   return 0;
| }
configure:16753: result: no
configure:16755: checking whether we are using gcc >= 4 C++ compiler
configure:16774: g++ -c -g -O2  conftest.cpp >&5
configure:16774: $? = 0
configure:16782: result: yes
configure:16816: checking whether to enable debugging information
configure:16854: result: no
configure:16871: checking whether to enable code coverage
configure:16902: result: no
configure:16908: checking for pthread_create in -lpthread
configure:16933: gcc -std=gnu99 -o conftest -g -O2   conftest.c -lpthread   >&5
configure:16933: $? = 0
configure:16942: result: yes
configure:16953: checking for clock_gettime in -lrt
configure:16978: gcc -std=gnu99 -o conftest -g -O2   conftest.c -lrt  -lpthread  >&5
configure:16978: $? = 0
configure:16987: result: yes
configure:17790: checking whether C++ compiler supports -fvisibility=hidden
configure:17822: g++ -c -g -O2 -D_GNU_SOURCE -D_REENTRANT -D_THREAD_SAFE  -fvisibility=hidden conftest.cpp >&5
configure:17822: $? = 0
configure:17853: result: yes
configure:17939: checking whether C++ compiler supports dso visibility
configure:17943: result: yes
configure:18087: checking for asciidoc
configure:18115: result: no
configure:18125: checking for xmlto
configure:18153: result: no
configure:18166: WARNING: You are building an unreleased version of 0MQ and asciidoc or xmlto are not installed.
configure:18168: WARNING: Documentation will not be built and manual pages will not be installed.
configure:18179: checking whether to build documentation
configure:18181: result: no
configure:18184: checking whether to install manpages
configure:18186: result: no
configure:18218: checking for suitable polling system
configure:18254: gcc -std=gnu99 -o conftest -g -O2 -D_GNU_SOURCE -D_REENTRANT -D_THREAD_SAFE   conftest.c -lrt -lpthread  >&5
conftest.c:28:23: fatal error: sys/event.h: No such file or directory
 #include <sys/event.h>
                       ^
compilation terminated.
configure:18254: $? = 1
configure: failed program was:
| /* confdefs.h */
| #define PACKAGE_NAME "zeromq"
| #define PACKAGE_TARNAME "zeromq"
| #define PACKAGE_VERSION "3.2.1"
| #define PACKAGE_STRING "zeromq 3.2.1"
| #define PACKAGE_BUGREPORT "zeromq-dev@lists.zeromq.org"
| #define PACKAGE_URL ""
| #define PACKAGE "zeromq"
| #define VERSION "3.2.1"
| #define STDC_HEADERS 1
| #define HAVE_SYS_TYPES_H 1
| #define HAVE_SYS_STAT_H 1
| #define HAVE_STDLIB_H 1
| #define HAVE_STRING_H 1
| #define HAVE_MEMORY_H 1
| #define HAVE_STRINGS_H 1
| #define HAVE_INTTYPES_H 1
| #define HAVE_STDINT_H 1
| #define HAVE_UNISTD_H 1
| #define HAVE_DLFCN_H 1
| #define LT_OBJDIR ".libs/"
| #define HAVE_LIBPTHREAD 1
| #define HAVE_LIBRT 1
| #define ZMQ_HAVE_LINUX 1
| /* end confdefs.h.  */
| 
| #include <sys/types.h>
| #include <sys/event.h>
| #include <sys/time.h>
| 
| int
| main ()
| {
| 
| struct kevent t_kev;
| kqueue();
| 
| 
|   ;
|   return 0;
| }
configure:18314: gcc -std=gnu99 -o conftest -g -O2 -D_GNU_SOURCE -D_REENTRANT -D_THREAD_SAFE   conftest.c -lrt -lpthread  >&5
configure:18314: $? = 0
configure:18314: ./conftest
configure:18314: $? = 0
configure:18439: result: using epoll
configure:18448: checking for ANSI C header files
configure:18552: result: yes
configure:18564: checking errno.h usability
configure:18564: gcc -std=gnu99 -c -g -O2 -D_GNU_SOURCE -D_REENTRANT -D_THREAD_SAFE  -DZMQ_FORCE_EPOLL conftest.c >&5
configure:18564: $? = 0
configure:18564: result: yes
configure:18564: checking errno.h presence
configure:18564: gcc -std=gnu99 -E -D_GNU_SOURCE -D_REENTRANT -D_THREAD_SAFE  -DZMQ_FORCE_EPOLL conftest.c
configure:18564: $? = 0
configure:18564: result: yes
configure:18564: checking for errno.h
configure:18564: result: yes
configure:18564: checking arpa/inet.h usability
configure:18564: gcc -std=gnu99 -c -g -O2 -D_GNU_SOURCE -D_REENTRANT -D_THREAD_SAFE  -DZMQ_FORCE_EPOLL conftest.c >&5
configure:18564: $? = 0
configure:18564: result: yes
configure:18564: checking arpa/inet.h presence
configure:18564: gcc -std=gnu99 -E -D_GNU_SOURCE -D_REENTRANT -D_THREAD_SAFE  -DZMQ_FORCE_EPOLL conftest.c
configure:18564: $? = 0
configure:18564: result: yes
configure:18564: checking for arpa/inet.h
configure:18564: result: yes
configure:18564: checking netinet/tcp.h usability
configure:18564: gcc -std=gnu99 -c -g -O2 -D_GNU_SOURCE -D_REENTRANT -D_THREAD_SAFE  -DZMQ_FORCE_EPOLL conftest.c >&5
configure:18564: $? = 0
configure:18564: result: yes
configure:18564: checking netinet/tcp.h presence
configure:18564: gcc -std=gnu99 -E -D_GNU_SOURCE -D_REENTRANT -D_THREAD_SAFE  -DZMQ_FORCE_EPOLL conftest.c
configure:18564: $? = 0
configure:18564: result: yes
configure:18564: checking for netinet/tcp.h
configure:18564: result: yes
configure:18564: checking netinet/in.h usability
configure:18564: gcc -std=gnu99 -c -g -O2 -D_GNU_SOURCE -D_REENTRANT -D_THREAD_SAFE  -DZMQ_FORCE_EPOLL conftest.c >&5
configure:18564: $? = 0
configure:18564: result: yes
configure:18564: checking netinet/in.h presence
configure:18564: gcc -std=gnu99 -E -D_GNU_SOURCE -D_REENTRANT -D_THREAD_SAFE  -DZMQ_FORCE_EPOLL conftest.c
configure:18564: $? = 0
configure:18564: result: yes
configure:18564: checking for netinet/in.h
configure:18564: result: yes
configure:18564: checking stddef.h usability
configure:18564: gcc -std=gnu99 -c -g -O2 -D_GNU_SOURCE -D_REENTRANT -D_THREAD_SAFE  -DZMQ_FORCE_EPOLL conftest.c >&5
configure:18564: $? = 0
configure:18564: result: yes
configure:18564: checking stddef.h presence
configure:18564: gcc -std=gnu99 -E -D_GNU_SOURCE -D_REENTRANT -D_THREAD_SAFE  -DZMQ_FORCE_EPOLL conftest.c
configure:18564: $? = 0
configure:18564: result: yes
configure:18564: checking for stddef.h
configure:18564: result: yes
configure:18564: checking for stdlib.h
configure:18564: result: yes
configure:18564: checking for string.h
configure:18564: result: yes
configure:18564: checking sys/socket.h usability
configure:18564: gcc -std=gnu99 -c -g -O2 -D_GNU_SOURCE -D_REENTRANT -D_THREAD_SAFE  -DZMQ_FORCE_EPOLL conftest.c >&5
configure:18564: $? = 0
configure:18564: result: yes
configure:18564: checking sys/socket.h presence
configure:18564: gcc -std=gnu99 -E -D_GNU_SOURCE -D_REENTRANT -D_THREAD_SAFE  -DZMQ_FORCE_EPOLL conftest.c
configure:18564: $? = 0
configure:18564: result: yes
configure:18564: checking for sys/socket.h
configure:18564: result: yes
configure:18564: checking sys/time.h usability
configure:18564: gcc -std=gnu99 -c -g -O2 -D_GNU_SOURCE -D_REENTRANT -D_THREAD_SAFE  -DZMQ_FORCE_EPOLL conftest.c >&5
configure:18564: $? = 0
configure:18564: result: yes
configure:18564: checking sys/time.h presence
configure:18564: gcc -std=gnu99 -E -D_GNU_SOURCE -D_REENTRANT -D_THREAD_SAFE  -DZMQ_FORCE_EPOLL conftest.c
configure:18564: $? = 0
configure:18564: result: yes
configure:18564: checking for sys/time.h
configure:18564: result: yes
configure:18564: checking time.h usability
configure:18564: gcc -std=gnu99 -c -g -O2 -D_GNU_SOURCE -D_REENTRANT -D_THREAD_SAFE  -DZMQ_FORCE_EPOLL conftest.c >&5
configure:18564: $? = 0
configure:18564: result: yes
configure:18564: checking time.h presence
configure:18564: gcc -std=gnu99 -E -D_GNU_SOURCE -D_REENTRANT -D_THREAD_SAFE  -DZMQ_FORCE_EPOLL conftest.c
configure:18564: $? = 0
configure:18564: result: yes
configure:18564: checking for time.h
configure:18564: result: yes
configure:18564: checking for unistd.h
configure:18564: result: yes
configure:18564: checking limits.h usability
configure:18564: gcc -std=gnu99 -c -g -O2 -D_GNU_SOURCE -D_REENTRANT -D_THREAD_SAFE  -DZMQ_FORCE_EPOLL conftest.c >&5
configure:18564: $? = 0
configure:18564: result: yes
configure:18564: checking limits.h presence
configure:18564: gcc -std=gnu99 -E -D_GNU_SOURCE -D_REENTRANT -D_THREAD_SAFE  -DZMQ_FORCE_EPOLL conftest.c
configure:18564: $? = 0
configure:18564: result: yes
configure:18564: checking for limits.h
configure:18564: result: yes
configure:18578: checking ifaddrs.h usability
configure:18578: gcc -std=gnu99 -c -g -O2 -D_GNU_SOURCE -D_REENTRANT -D_THREAD_SAFE  -DZMQ_FORCE_EPOLL conftest.c >&5
configure:18578: $? = 0
configure:18578: result: yes
configure:18578: checking ifaddrs.h presence
configure:18578: gcc -std=gnu99 -E -D_GNU_SOURCE -D_REENTRANT -D_THREAD_SAFE  -DZMQ_FORCE_EPOLL conftest.c
configure:18578: $? = 0
configure:18578: result: yes
configure:18578: checking for ifaddrs.h
configure:18578: result: yes
configure:18594: checking sys/uio.h usability
configure:18594: gcc -std=gnu99 -c -g -O2 -D_GNU_SOURCE -D_REENTRANT -D_THREAD_SAFE  -DZMQ_FORCE_EPOLL conftest.c >&5
configure:18594: $? = 0
configure:18594: result: yes
configure:18594: checking sys/uio.h presence
configure:18594: gcc -std=gnu99 -E -D_GNU_SOURCE -D_REENTRANT -D_THREAD_SAFE  -DZMQ_FORCE_EPOLL conftest.c
configure:18594: $? = 0
configure:18594: result: yes
configure:18594: checking for sys/uio.h
configure:18594: result: yes
configure:18620: checking sys/eventfd.h usability
configure:18620: gcc -std=gnu99 -c -g -O2 -D_GNU_SOURCE -D_REENTRANT -D_THREAD_SAFE  -DZMQ_FORCE_EPOLL conftest.c >&5
configure:18620: $? = 0
configure:18620: result: yes
configure:18620: checking sys/eventfd.h presence
configure:18620: gcc -std=gnu99 -E -D_GNU_SOURCE -D_REENTRANT -D_THREAD_SAFE  -DZMQ_FORCE_EPOLL conftest.c
configure:18620: $? = 0
configure:18620: result: yes
configure:18620: checking for sys/eventfd.h
configure:18620: result: yes
configure:18642: checking for stdbool.h that conforms to C99
configure:18709: g++ -c -g -O2 -D_GNU_SOURCE -D_REENTRANT -D_THREAD_SAFE  -DZMQ_FORCE_EPOLL conftest.cpp >&5
configure:18709: $? = 0
configure:18716: result: yes
configure:18718: checking for _Bool
configure:18718: g++ -c -g -O2 -D_GNU_SOURCE -D_REENTRANT -D_THREAD_SAFE  -DZMQ_FORCE_EPOLL conftest.cpp >&5
conftest.cpp: In function 'int main()':
conftest.cpp:81:13: error: '_Bool' was not declared in this scope
 if (sizeof (_Bool))
             ^
configure:18718: $? = 1
configure: failed program was:
| /* confdefs.h */
| #define PACKAGE_NAME "zeromq"
| #define PACKAGE_TARNAME "zeromq"
| #define PACKAGE_VERSION "3.2.1"
| #define PACKAGE_STRING "zeromq 3.2.1"
| #define PACKAGE_BUGREPORT "zeromq-dev@lists.zeromq.org"
| #define PACKAGE_URL ""
| #define PACKAGE "zeromq"
| #define VERSION "3.2.1"
| #define STDC_HEADERS 1
| #define HAVE_SYS_TYPES_H 1
| #define HAVE_SYS_STAT_H 1
| #define HAVE_STDLIB_H 1
| #define HAVE_STRING_H 1
| #define HAVE_MEMORY_H 1
| #define HAVE_STRINGS_H 1
| #define HAVE_INTTYPES_H 1
| #define HAVE_STDINT_H 1
| #define HAVE_UNISTD_H 1
| #define HAVE_DLFCN_H 1
| #define LT_OBJDIR ".libs/"
| #define HAVE_LIBPTHREAD 1
| #define HAVE_LIBRT 1
| #define ZMQ_HAVE_LINUX 1
| #define STDC_HEADERS 1
| #define HAVE_ERRNO_H 1
| #define HAVE_ARPA_INET_H 1
| #define HAVE_NETINET_TCP_H 1
| #define HAVE_NETINET_IN_H 1
| #define HAVE_STDDEF_H 1
| #define HAVE_STDLIB_H 1
| #define HAVE_STRING_H 1
| #define HAVE_SYS_SOCKET_H 1
| #define HAVE_SYS_TIME_H 1
| #define HAVE_TIME_H 1
| #define HAVE_UNISTD_H 1
| #define HAVE_LIMITS_H 1
| #define HAVE_IFADDRS_H 1
| #define ZMQ_HAVE_IFADDRS 1
| #define HAVE_SYS_UIO_H 1
| #define ZMQ_HAVE_UIO 1
| #define HAVE_SYS_EVENTFD_H 1
| #define ZMQ_HAVE_EVENTFD 1
| /* end confdefs.h.  */
| #include <stdio.h>
| #ifdef HAVE_SYS_TYPES_H
| # include <sys/types.h>
| #endif
| #ifdef HAVE_SYS_STAT_H
| # include <sys/stat.h>
| #endif
| #ifdef STDC_HEADERS
| # include <stdlib.h>
| # include <stddef.h>
| #else
| # ifdef HAVE_STDLIB_H
| #  include <stdlib.h>
| # endif
| #endif
| #ifdef HAVE_STRING_H
| # if !defined STDC_HEADERS && defined HAVE_MEMORY_H
| #  include <memory.h>
| # endif
| # include <string.h>
| #endif
| #ifdef HAVE_STRINGS_H
| # include <strings.h>
| #endif
| #ifdef HAVE_INTTYPES_H
| # include <inttypes.h>
| #endif
| #ifdef HAVE_STDINT_H
| # include <stdint.h>
| #endif
| #ifdef HAVE_UNISTD_H
| # include <unistd.h>
| #endif
| int
| main ()
| {
| if (sizeof (_Bool))
| 	 return 0;
|   ;
|   return 0;
| }
configure:18718: result: no
configure:18735: checking for an ANSI C-conforming const
configure:18801: g++ -c -g -O2 -D_GNU_SOURCE -D_REENTRANT -D_THREAD_SAFE  -DZMQ_FORCE_EPOLL conftest.cpp >&5
configure:18801: $? = 0
configure:18808: result: yes
configure:18816: checking for inline
configure:18832: g++ -c -g -O2 -D_GNU_SOURCE -D_REENTRANT -D_THREAD_SAFE  -DZMQ_FORCE_EPOLL conftest.cpp >&5
configure:18832: $? = 0
configure:18840: result: inline
configure:18907: checking for size_t
configure:18907: g++ -c -g -O2 -D_GNU_SOURCE -D_REENTRANT -D_THREAD_SAFE  -DZMQ_FORCE_EPOLL conftest.cpp >&5
configure:18907: $? = 0
configure:18907: g++ -c -g -O2 -D_GNU_SOURCE -D_REENTRANT -D_THREAD_SAFE  -DZMQ_FORCE_EPOLL conftest.cpp >&5
conftest.cpp: In function 'int main()':
conftest.cpp:82:20: error: expected primary-expression before ')' token
 if (sizeof ((size_t)))
                    ^
configure:18907: $? = 1
configure: failed program was:
| /* confdefs.h */
| #define PACKAGE_NAME "zeromq"
| #define PACKAGE_TARNAME "zeromq"
| #define PACKAGE_VERSION "3.2.1"
| #define PACKAGE_STRING "zeromq 3.2.1"
| #define PACKAGE_BUGREPORT "zeromq-dev@lists.zeromq.org"
| #define PACKAGE_URL ""
| #define PACKAGE "zeromq"
| #define VERSION "3.2.1"
| #define STDC_HEADERS 1
| #define HAVE_SYS_TYPES_H 1
| #define HAVE_SYS_STAT_H 1
| #define HAVE_STDLIB_H 1
| #define HAVE_STRING_H 1
| #define HAVE_MEMORY_H 1
| #define HAVE_STRINGS_H 1
| #define HAVE_INTTYPES_H 1
| #define HAVE_STDINT_H 1
| #define HAVE_UNISTD_H 1
| #define HAVE_DLFCN_H 1
| #define LT_OBJDIR ".libs/"
| #define HAVE_LIBPTHREAD 1
| #define HAVE_LIBRT 1
| #define ZMQ_HAVE_LINUX 1
| #define STDC_HEADERS 1
| #define HAVE_ERRNO_H 1
| #define HAVE_ARPA_INET_H 1
| #define HAVE_NETINET_TCP_H 1
| #define HAVE_NETINET_IN_H 1
| #define HAVE_STDDEF_H 1
| #define HAVE_STDLIB_H 1
| #define HAVE_STRING_H 1
| #define HAVE_SYS_SOCKET_H 1
| #define HAVE_SYS_TIME_H 1
| #define HAVE_TIME_H 1
| #define HAVE_UNISTD_H 1
| #define HAVE_LIMITS_H 1
| #define HAVE_IFADDRS_H 1
| #define ZMQ_HAVE_IFADDRS 1
| #define HAVE_SYS_UIO_H 1
| #define ZMQ_HAVE_UIO 1
| #define HAVE_SYS_EVENTFD_H 1
| #define ZMQ_HAVE_EVENTFD 1
| #define HAVE_STDBOOL_H 1
| /* end confdefs.h.  */
| #include <stdio.h>
| #ifdef HAVE_SYS_TYPES_H
| # include <sys/types.h>
| #endif
| #ifdef HAVE_SYS_STAT_H
| # include <sys/stat.h>
| #endif
| #ifdef STDC_HEADERS
| # include <stdlib.h>
| # include <stddef.h>
| #else
| # ifdef HAVE_STDLIB_H
| #  include <stdlib.h>
| # endif
| #endif
| #ifdef HAVE_STRING_H
| # if !defined STDC_HEADERS && defined HAVE_MEMORY_H
| #  include <memory.h>
| # endif
| # include <string.h>
| #endif
| #ifdef HAVE_STRINGS_H
| # include <strings.h>
| #endif
| #ifdef HAVE_INTTYPES_H
| # include <inttypes.h>
| #endif
| #ifdef HAVE_STDINT_H
| # include <stdint.h>
| #endif
| #ifdef HAVE_UNISTD_H
| # include <unistd.h>
| #endif
| int
| main ()
| {
| if (sizeof ((size_t)))
| 	    return 0;
|   ;
|   return 0;
| }
configure:18907: result: yes
configure:18918: checking for ssize_t
configure:18918: g++ -c -g -O2 -D_GNU_SOURCE -D_REENTRANT -D_THREAD_SAFE  -DZMQ_FORCE_EPOLL conftest.cpp >&5
configure:18918: $? = 0
configure:18918: g++ -c -g -O2 -D_GNU_SOURCE -D_REENTRANT -D_THREAD_SAFE  -DZMQ_FORCE_EPOLL conftest.cpp >&5
conftest.cpp: In function 'int main()':
conftest.cpp:82:21: error: expected primary-expression before ')' token
 if (sizeof ((ssize_t)))
                     ^
configure:18918: $? = 1
configure: failed program was:
| /* confdefs.h */
| #define PACKAGE_NAME "zeromq"
| #define PACKAGE_TARNAME "zeromq"
| #define PACKAGE_VERSION "3.2.1"
| #define PACKAGE_STRING "zeromq 3.2.1"
| #define PACKAGE_BUGREPORT "zeromq-dev@lists.zeromq.org"
| #define PACKAGE_URL ""
| #define PACKAGE "zeromq"
| #define VERSION "3.2.1"
| #define STDC_HEADERS 1
| #define HAVE_SYS_TYPES_H 1
| #define HAVE_SYS_STAT_H 1
| #define HAVE_STDLIB_H 1
| #define HAVE_STRING_H 1
| #define HAVE_MEMORY_H 1
| #define HAVE_STRINGS_H 1
| #define HAVE_INTTYPES_H 1
| #define HAVE_STDINT_H 1
| #define HAVE_UNISTD_H 1
| #define HAVE_DLFCN_H 1
| #define LT_OBJDIR ".libs/"
| #define HAVE_LIBPTHREAD 1
| #define HAVE_LIBRT 1
| #define ZMQ_HAVE_LINUX 1
| #define STDC_HEADERS 1
| #define HAVE_ERRNO_H 1
| #define HAVE_ARPA_INET_H 1
| #define HAVE_NETINET_TCP_H 1
| #define HAVE_NETINET_IN_H 1
| #define HAVE_STDDEF_H 1
| #define HAVE_STDLIB_H 1
| #define HAVE_STRING_H 1
| #define HAVE_SYS_SOCKET_H 1
| #define HAVE_SYS_TIME_H 1
| #define HAVE_TIME_H 1
| #define HAVE_UNISTD_H 1
| #define HAVE_LIMITS_H 1
| #define HAVE_IFADDRS_H 1
| #define ZMQ_HAVE_IFADDRS 1
| #define HAVE_SYS_UIO_H 1
| #define ZMQ_HAVE_UIO 1
| #define HAVE_SYS_EVENTFD_H 1
| #define ZMQ_HAVE_EVENTFD 1
| #define HAVE_STDBOOL_H 1
| /* end confdefs.h.  */
| #include <stdio.h>
| #ifdef HAVE_SYS_TYPES_H
| # include <sys/types.h>
| #endif
| #ifdef HAVE_SYS_STAT_H
| # include <sys/stat.h>
| #endif
| #ifdef STDC_HEADERS
| # include <stdlib.h>
| # include <stddef.h>
| #else
| # ifdef HAVE_STDLIB_H
| #  include <stdlib.h>
| # endif
| #endif
| #ifdef HAVE_STRING_H
| # if !defined STDC_HEADERS && defined HAVE_MEMORY_H
| #  include <memory.h>
| # endif
| # include <string.h>
| #endif
| #ifdef HAVE_STRINGS_H
| # include <strings.h>
| #endif
| #ifdef HAVE_INTTYPES_H
| # include <inttypes.h>
| #endif
| #ifdef HAVE_STDINT_H
| # include <stdint.h>
| #endif
| #ifdef HAVE_UNISTD_H
| # include <unistd.h>
| #endif
| int
| main ()
| {
| if (sizeof ((ssize_t)))
| 	    return 0;
|   ;
|   return 0;
| }
configure:18918: result: yes
configure:18930: checking whether time.h and sys/time.h may both be included
configure:18950: g++ -c -g -O2 -D_GNU_SOURCE -D_REENTRANT -D_THREAD_SAFE  -DZMQ_FORCE_EPOLL conftest.cpp >&5
configure:18950: $? = 0
configure:18957: result: yes
configure:18965: checking for uint32_t
configure:18965: g++ -c -g -O2 -D_GNU_SOURCE -D_REENTRANT -D_THREAD_SAFE  -DZMQ_FORCE_EPOLL conftest.cpp >&5
configure:18965: $? = 0
configure:18965: result: yes
configure:18979: checking for working volatile
configure:18998: g++ -c -g -O2 -D_GNU_SOURCE -D_REENTRANT -D_THREAD_SAFE  -DZMQ_FORCE_EPOLL conftest.cpp >&5
configure:18998: $? = 0
configure:19005: result: yes
configure:19509: checking how to enable additional warnings for C++ compiler
configure:19544: result: -Wall
configure:19556: checking how to turn warnings to errors in C++ compiler
configure:19587: result: -Werror
configure:19600: checking how to enable strict standards compliance in C++ compiler
configure:19635: result: -pedantic
configure:19678: checking return type of signal handlers
configure:19696: g++ -c -g -O2 -pedantic -Werror -Wall -D_GNU_SOURCE -D_REENTRANT -D_THREAD_SAFE  -DZMQ_FORCE_EPOLL conftest.cpp >&5
conftest.cpp: In function 'int main()':
conftest.cpp:53:22: error: void value not ignored as it ought to be
 return *(signal (0, 0)) (0) == 1;
                      ^
configure:19696: $? = 1
configure: failed program was:
| /* confdefs.h */
| #define PACKAGE_NAME "zeromq"
| #define PACKAGE_TARNAME "zeromq"
| #define PACKAGE_VERSION "3.2.1"
| #define PACKAGE_STRING "zeromq 3.2.1"
| #define PACKAGE_BUGREPORT "zeromq-dev@lists.zeromq.org"
| #define PACKAGE_URL ""
| #define PACKAGE "zeromq"
| #define VERSION "3.2.1"
| #define STDC_HEADERS 1
| #define HAVE_SYS_TYPES_H 1
| #define HAVE_SYS_STAT_H 1
| #define HAVE_STDLIB_H 1
| #define HAVE_STRING_H 1
| #define HAVE_MEMORY_H 1
| #define HAVE_STRINGS_H 1
| #define HAVE_INTTYPES_H 1
| #define HAVE_STDINT_H 1
| #define HAVE_UNISTD_H 1
| #define HAVE_DLFCN_H 1
| #define LT_OBJDIR ".libs/"
| #define HAVE_LIBPTHREAD 1
| #define HAVE_LIBRT 1
| #define ZMQ_HAVE_LINUX 1
| #define STDC_HEADERS 1
| #define HAVE_ERRNO_H 1
| #define HAVE_ARPA_INET_H 1
| #define HAVE_NETINET_TCP_H 1
| #define HAVE_NETINET_IN_H 1
| #define HAVE_STDDEF_H 1
| #define HAVE_STDLIB_H 1
| #define HAVE_STRING_H 1
| #define HAVE_SYS_SOCKET_H 1
| #define HAVE_SYS_TIME_H 1
| #define HAVE_TIME_H 1
| #define HAVE_UNISTD_H 1
| #define HAVE_LIMITS_H 1
| #define HAVE_IFADDRS_H 1
| #define ZMQ_HAVE_IFADDRS 1
| #define HAVE_SYS_UIO_H 1
| #define ZMQ_HAVE_UIO 1
| #define HAVE_SYS_EVENTFD_H 1
| #define ZMQ_HAVE_EVENTFD 1
| #define HAVE_STDBOOL_H 1
| #define TIME_WITH_SYS_TIME 1
| /* end confdefs.h.  */
| #include <sys/types.h>
| #include <signal.h>
| 
| int
| main ()
| {
| return *(signal (0, 0)) (0) == 1;
|   ;
|   return 0;
| }
configure:19703: result: void
configure:19714: checking for perror
configure:19714: g++ -o conftest -g -O2 -pedantic -Werror -Wall -D_GNU_SOURCE -D_REENTRANT -D_THREAD_SAFE  -DZMQ_FORCE_EPOLL  conftest.cpp -lrt -lpthread  >&5
configure:19714: $? = 0
configure:19714: result: yes
configure:19714: checking for gettimeofday
configure:19714: g++ -o conftest -g -O2 -pedantic -Werror -Wall -D_GNU_SOURCE -D_REENTRANT -D_THREAD_SAFE  -DZMQ_FORCE_EPOLL  conftest.cpp -lrt -lpthread  >&5
configure:19714: $? = 0
configure:19714: result: yes
configure:19714: checking for clock_gettime
configure:19714: g++ -o conftest -g -O2 -pedantic -Werror -Wall -D_GNU_SOURCE -D_REENTRANT -D_THREAD_SAFE  -DZMQ_FORCE_EPOLL  conftest.cpp -lrt -lpthread  >&5
configure:19714: $? = 0
configure:19714: result: yes
configure:19714: checking for memset
configure:19714: g++ -o conftest -g -O2 -pedantic -Werror -Wall -D_GNU_SOURCE -D_REENTRANT -D_THREAD_SAFE  -DZMQ_FORCE_EPOLL  conftest.cpp -lrt -lpthread  >&5
configure:19714: $? = 0
configure:19714: result: yes
configure:19714: checking for socket
configure:19714: g++ -o conftest -g -O2 -pedantic -Werror -Wall -D_GNU_SOURCE -D_REENTRANT -D_THREAD_SAFE  -DZMQ_FORCE_EPOLL  conftest.cpp -lrt -lpthread  >&5
configure:19714: $? = 0
configure:19714: result: yes
configure:19714: checking for getifaddrs
configure:19714: g++ -o conftest -g -O2 -pedantic -Werror -Wall -D_GNU_SOURCE -D_REENTRANT -D_THREAD_SAFE  -DZMQ_FORCE_EPOLL  conftest.cpp -lrt -lpthread  >&5
configure:19714: $? = 0
configure:19714: result: yes
configure:19714: checking for freeifaddrs
configure:19714: g++ -o conftest -g -O2 -pedantic -Werror -Wall -D_GNU_SOURCE -D_REENTRANT -D_THREAD_SAFE  -DZMQ_FORCE_EPOLL  conftest.cpp -lrt -lpthread  >&5
configure:19714: $? = 0
configure:19714: result: yes
configure:19726: checking alloca.h usability
configure:19726: g++ -c -g -O2 -pedantic -Werror -Wall -D_GNU_SOURCE -D_REENTRANT -D_THREAD_SAFE  -DZMQ_FORCE_EPOLL conftest.cpp >&5
configure:19726: $? = 0
configure:19726: result: yes
configure:19726: checking alloca.h presence
configure:19726: g++ -E -pedantic -Werror -Wall -D_GNU_SOURCE -D_REENTRANT -D_THREAD_SAFE  -DZMQ_FORCE_EPOLL conftest.cpp
configure:19726: $? = 0
configure:19726: result: yes
configure:19726: checking for alloca.h
configure:19726: result: yes
configure:19737: checking whether SOCK_CLOEXEC is supported
configure:19757: g++ -o conftest -g -O2 -pedantic -Werror -Wall -D_GNU_SOURCE -D_REENTRANT -D_THREAD_SAFE  -DZMQ_FORCE_EPOLL  conftest.cpp -lrt -lpthread  >&5
configure:19757: $? = 0
configure:19757: ./conftest
configure:19757: $? = 0
configure:19758: result: yes
configure:19775: checking whether SO_KEEPALIVE is supported
configure:19798: g++ -o conftest -g -O2 -pedantic -Werror -Wall -D_GNU_SOURCE -D_REENTRANT -D_THREAD_SAFE  -DZMQ_FORCE_EPOLL  conftest.cpp -lrt -lpthread  >&5
configure:19798: $? = 0
configure:19798: ./conftest
configure:19798: $? = 0
configure:19799: result: yes
configure:19814: checking whether TCP_KEEPCNT is supported
configure:19840: g++ -o conftest -g -O2 -pedantic -Werror -Wall -D_GNU_SOURCE -D_REENTRANT -D_THREAD_SAFE  -DZMQ_FORCE_EPOLL  conftest.cpp -lrt -lpthread  >&5
configure:19840: $? = 0
configure:19840: ./conftest
configure:19840: $? = 0
configure:19841: result: yes
configure:19856: checking whether TCP_KEEPIDLE is supported
configure:19882: g++ -o conftest -g -O2 -pedantic -Werror -Wall -D_GNU_SOURCE -D_REENTRANT -D_THREAD_SAFE  -DZMQ_FORCE_EPOLL  conftest.cpp -lrt -lpthread  >&5
configure:19882: $? = 0
configure:19882: ./conftest
configure:19882: $? = 0
configure:19883: result: yes
configure:19898: checking whether TCP_KEEPINTVL is supported
configure:19924: g++ -o conftest -g -O2 -pedantic -Werror -Wall -D_GNU_SOURCE -D_REENTRANT -D_THREAD_SAFE  -DZMQ_FORCE_EPOLL  conftest.cpp -lrt -lpthread  >&5
configure:19924: $? = 0
configure:19924: ./conftest
configure:19924: $? = 0
configure:19925: result: yes
configure:19940: checking whether TCP_KEEPALIVE is supported
configure:19966: g++ -o conftest -g -O2 -pedantic -Werror -Wall -D_GNU_SOURCE -D_REENTRANT -D_THREAD_SAFE  -DZMQ_FORCE_EPOLL  conftest.cpp -lrt -lpthread  >&5
conftest.cpp: In function 'int main(int, char**)':
conftest.cpp:73:44: error: 'TCP_KEEPALIVE' was not declared in this scope
         ((rc = setsockopt (s, IPPROTO_TCP, TCP_KEEPALIVE, (char*) &opt, sizeof (int))) == -1)
                                            ^
configure:19966: $? = 1
configure: program exited with status 1
configure: failed program was:
| /* confdefs.h */
| #define PACKAGE_NAME "zeromq"
| #define PACKAGE_TARNAME "zeromq"
| #define PACKAGE_VERSION "3.2.1"
| #define PACKAGE_STRING "zeromq 3.2.1"
| #define PACKAGE_BUGREPORT "zeromq-dev@lists.zeromq.org"
| #define PACKAGE_URL ""
| #define PACKAGE "zeromq"
| #define VERSION "3.2.1"
| #define STDC_HEADERS 1
| #define HAVE_SYS_TYPES_H 1
| #define HAVE_SYS_STAT_H 1
| #define HAVE_STDLIB_H 1
| #define HAVE_STRING_H 1
| #define HAVE_MEMORY_H 1
| #define HAVE_STRINGS_H 1
| #define HAVE_INTTYPES_H 1
| #define HAVE_STDINT_H 1
| #define HAVE_UNISTD_H 1
| #define HAVE_DLFCN_H 1
| #define LT_OBJDIR ".libs/"
| #define HAVE_LIBPTHREAD 1
| #define HAVE_LIBRT 1
| #define ZMQ_HAVE_LINUX 1
| #define STDC_HEADERS 1
| #define HAVE_ERRNO_H 1
| #define HAVE_ARPA_INET_H 1
| #define HAVE_NETINET_TCP_H 1
| #define HAVE_NETINET_IN_H 1
| #define HAVE_STDDEF_H 1
| #define HAVE_STDLIB_H 1
| #define HAVE_STRING_H 1
| #define HAVE_SYS_SOCKET_H 1
| #define HAVE_SYS_TIME_H 1
| #define HAVE_TIME_H 1
| #define HAVE_UNISTD_H 1
| #define HAVE_LIMITS_H 1
| #define HAVE_IFADDRS_H 1
| #define ZMQ_HAVE_IFADDRS 1
| #define HAVE_SYS_UIO_H 1
| #define ZMQ_HAVE_UIO 1
| #define HAVE_SYS_EVENTFD_H 1
| #define ZMQ_HAVE_EVENTFD 1
| #define HAVE_STDBOOL_H 1
| #define TIME_WITH_SYS_TIME 1
| #define RETSIGTYPE void
| #define HAVE_PERROR 1
| #define HAVE_GETTIMEOFDAY 1
| #define HAVE_CLOCK_GETTIME 1
| #define HAVE_MEMSET 1
| #define HAVE_SOCKET 1
| #define HAVE_GETIFADDRS 1
| #define HAVE_FREEIFADDRS 1
| #define HAVE_ALLOCA_H 1
| #define ZMQ_HAVE_SOCK_CLOEXEC 1
| #define ZMQ_HAVE_SO_KEEPALIVE 1
| #define ZMQ_HAVE_TCP_KEEPCNT 1
| #define ZMQ_HAVE_TCP_KEEPIDLE 1
| #define ZMQ_HAVE_TCP_KEEPINTVL 1
| /* end confdefs.h.  */
| /* TCP_KEEPALIVE test */
| #include <sys/types.h>
| #include <sys/socket.h>
| #include <netinet/in.h>
| #include <netinet/tcp.h>
| 
| int main (int argc, char *argv [])
| {
|     int s, rc, opt = 1;
|     return (
|         ((s = socket (PF_INET, SOCK_STREAM, 0)) == -1) ||
|         ((rc = setsockopt (s, SOL_SOCKET, SO_KEEPALIVE, (char*) &opt, sizeof (int))) == -1) ||
|         ((rc = setsockopt (s, IPPROTO_TCP, TCP_KEEPALIVE, (char*) &opt, sizeof (int))) == -1)
|     );
| }
| 
configure:19973: result: no
configure:20097: checking that generated files are newer than configure
configure:20103: result: done
configure:20150: creating ./config.status

## ---------------------- ##
## Running config.status. ##
## ---------------------- ##

This file was extended by zeromq config.status 3.2.1, which was
generated by GNU Autoconf 2.69.  Invocation command line was

  CONFIG_FILES    = 
  CONFIG_HEADERS  = 
  CONFIG_LINKS    = 
  CONFIG_COMMANDS = 
  $ ./config.status 

on ludatop

config.status:1218: creating Makefile
config.status:1218: creating src/Makefile
config.status:1218: creating doc/Makefile
config.status:1218: creating perf/Makefile
config.status:1218: creating src/libzmq.pc
config.status:1218: creating builds/msvc/Makefile
config.status:1218: creating tests/Makefile
config.status:1218: creating foreign/openpgm/Makefile
config.status:1218: creating builds/redhat/zeromq.spec
config.status:1218: creating src/platform.hpp
config.status:1447: executing depfiles commands
config.status:1447: executing libtool commands

## ---------------- ##
## Cache variables. ##
## ---------------- ##

ac_cv_build=x86_64-unknown-linux-gnu
ac_cv_c_compiler_gnu=yes
ac_cv_c_const=yes
ac_cv_c_inline=inline
ac_cv_c_uint32_t=yes
ac_cv_c_volatile=yes
ac_cv_cxx_compiler_gnu=yes
ac_cv_env_ASCIIDOC_set=
ac_cv_env_ASCIIDOC_value=
ac_cv_env_CCC_set=
ac_cv_env_CCC_value=
ac_cv_env_CC_set=
ac_cv_env_CC_value=
ac_cv_env_CFLAGS_set=
ac_cv_env_CFLAGS_value=
ac_cv_env_CPPFLAGS_set=
ac_cv_env_CPPFLAGS_value=
ac_cv_env_CPP_set=
ac_cv_env_CPP_value=
ac_cv_env_CXXCPP_set=
ac_cv_env_CXXCPP_value=
ac_cv_env_CXXFLAGS_set=
ac_cv_env_CXXFLAGS_value=
ac_cv_env_CXX_set=
ac_cv_env_CXX_value=
ac_cv_env_LDFLAGS_set=
ac_cv_env_LDFLAGS_value=
ac_cv_env_LIBS_set=
ac_cv_env_LIBS_value=
ac_cv_env_OpenPGM_CFLAGS_set=
ac_cv_env_OpenPGM_CFLAGS_value=
ac_cv_env_OpenPGM_LIBS_set=
ac_cv_env_OpenPGM_LIBS_value=
ac_cv_env_PKG_CONFIG_LIBDIR_set=
ac_cv_env_PKG_CONFIG_LIBDIR_value=
ac_cv_env_PKG_CONFIG_PATH_set=
ac_cv_env_PKG_CONFIG_PATH_value=
ac_cv_env_PKG_CONFIG_set=
ac_cv_env_PKG_CONFIG_value=
ac_cv_env_XMLTO_set=
ac_cv_env_XMLTO_value=
ac_cv_env_build_alias_set=
ac_cv_env_build_alias_value=
ac_cv_env_host_alias_set=
ac_cv_env_host_alias_value=
ac_cv_env_target_alias_set=
ac_cv_env_target_alias_value=
ac_cv_func_clock_gettime=yes
ac_cv_func_freeifaddrs=yes
ac_cv_func_getifaddrs=yes
ac_cv_func_gettimeofday=yes
ac_cv_func_memset=yes
ac_cv_func_perror=yes
ac_cv_func_socket=yes
ac_cv_header_alloca_h=yes
ac_cv_header_arpa_inet_h=yes
ac_cv_header_dlfcn_h=yes
ac_cv_header_errno_h=yes
ac_cv_header_ifaddrs_h=yes
ac_cv_header_inttypes_h=yes
ac_cv_header_limits_h=yes
ac_cv_header_memory_h=yes
ac_cv_header_netinet_in_h=yes
ac_cv_header_netinet_tcp_h=yes
ac_cv_header_stdbool_h=yes
ac_cv_header_stdc=yes
ac_cv_header_stddef_h=yes
ac_cv_header_stdint_h=yes
ac_cv_header_stdlib_h=yes
ac_cv_header_string_h=yes
ac_cv_header_strings_h=yes
ac_cv_header_sys_eventfd_h=yes
ac_cv_header_sys_socket_h=yes
ac_cv_header_sys_stat_h=yes
ac_cv_header_sys_time_h=yes
ac_cv_header_sys_types_h=yes
ac_cv_header_sys_uio_h=yes
ac_cv_header_time=yes
ac_cv_header_time_h=yes
ac_cv_header_unistd_h=yes
ac_cv_host=x86_64-unknown-linux-gnu
ac_cv_lib_pthread_pthread_create=yes
ac_cv_lib_rt_clock_gettime=yes
ac_cv_objext=o
ac_cv_path_EGREP='/usr/bin/grep -E'
ac_cv_path_FGREP='/usr/bin/grep -F'
ac_cv_path_GREP=/usr/bin/grep
ac_cv_path_SED=/usr/bin/sed
ac_cv_path_install='/usr/bin/install -c'
ac_cv_path_mkdir=/usr/bin/mkdir
ac_cv_prog_AWK=gawk
ac_cv_prog_CPP='gcc -std=gnu99 -E'
ac_cv_prog_CXXCPP='g++ -E'
ac_cv_prog_ac_ct_AR=ar
ac_cv_prog_ac_ct_CC=gcc
ac_cv_prog_ac_ct_CXX=g++
ac_cv_prog_ac_ct_DLLTOOL=dlltool
ac_cv_prog_ac_ct_OBJDUMP=objdump
ac_cv_prog_ac_ct_RANLIB=ranlib
ac_cv_prog_ac_ct_STRIP=strip
ac_cv_prog_cc_c89=
ac_cv_prog_cc_c99=-std=gnu99
ac_cv_prog_cc_g=yes
ac_cv_prog_cc_gcc_c_o=yes
ac_cv_prog_cxx_g=yes
ac_cv_prog_libzmq_have_asciidoc=no
ac_cv_prog_libzmq_have_xmlto=no
ac_cv_prog_make_make_set=yes
ac_cv_type__Bool=no
ac_cv_type_signal=void
ac_cv_type_size_t=yes
ac_cv_type_ssize_t=yes
am_cv_CC_dependencies_compiler_type=gcc3
am_cv_CXX_dependencies_compiler_type=gcc3
am_cv_make_support_nested_variables=yes
am_cv_prog_tar_ustar=gnutar
libzmq_cv_c_clang_compiler=no
libzmq_cv_c_compiler_works=yes
libzmq_cv_c_gcc4_compiler=yes
libzmq_cv_c_intel_compiler=no
libzmq_cv_c_sun_studio_compiler=no
libzmq_cv_check_lang_flag_save_CPPFLAGS='-D_GNU_SOURCE -D_REENTRANT -D_THREAD_SAFE '
libzmq_cv_cxx_clang_compiler=no
libzmq_cv_cxx_compiler_works=yes
libzmq_cv_cxx_gcc4_compiler=yes
libzmq_cv_cxx_intel_compiler=no
libzmq_cv_cxx_strict_flag=-pedantic
libzmq_cv_cxx_sun_studio_compiler=no
libzmq_cv_cxx_supports_flag__fvisibility_hidden=yes
libzmq_cv_cxx_visibility_flag=-fvisibility=hidden
libzmq_cv_cxx_wall_flag=-Wall
libzmq_cv_cxx_werror_flag=-Werror
libzmq_cv_cxx_werror_flag_save=
libzmq_cv_have_poller_epoll=yes
libzmq_cv_have_poller_kqueue=no
libzmq_cv_poller=epoll
libzmq_cv_poller_flag=ZMQ_FORCE_EPOLL
libzmq_cv_so_keepalive=yes
libzmq_cv_sock_cloexec=yes
libzmq_cv_tcp_keepalive=no
libzmq_cv_tcp_keepcnt=yes
libzmq_cv_tcp_keepidle=yes
libzmq_cv_tcp_keepintvl=yes
lt_cv_ar_at_file=@
lt_cv_deplibs_check_method=pass_all
lt_cv_file_magic_cmd='$MAGIC_CMD'
lt_cv_file_magic_test_file=
lt_cv_ld_reload_flag=-r
lt_cv_nm_interface='BSD nm'
lt_cv_objdir=.libs
lt_cv_path_LD=/usr/bin/ld
lt_cv_path_LDCXX='/usr/bin/ld -m elf_x86_64'
lt_cv_path_NM='/usr/bin/nm -B'
lt_cv_path_mainfest_tool=no
lt_cv_prog_compiler_c_o=yes
lt_cv_prog_compiler_c_o_CXX=yes
lt_cv_prog_compiler_pic='-fPIC -DPIC'
lt_cv_prog_compiler_pic_CXX='-fPIC -DPIC'
lt_cv_prog_compiler_pic_works=yes
lt_cv_prog_compiler_pic_works_CXX=yes
lt_cv_prog_compiler_rtti_exceptions=no
lt_cv_prog_compiler_static_works=no
lt_cv_prog_compiler_static_works_CXX=no
lt_cv_prog_gnu_ld=yes
lt_cv_prog_gnu_ldcxx=yes
lt_cv_sharedlib_from_linklib_cmd='printf %s\n'
lt_cv_shlibpath_overrides_runpath=no
lt_cv_sys_global_symbol_pipe='sed -n -e '\''s/^.*[	 ]\([ABCDGIRSTW][ABCDGIRSTW]*\)[	 ][	 ]*\([_A-Za-z][_A-Za-z0-9]*\)$/\1 \2 \2/p'\'' | sed '\''/ __gnu_lto/d'\'''
lt_cv_sys_global_symbol_to_c_name_address='sed -n -e '\''s/^: \([^ ]*\)[ ]*$/  {\"\1\", (void *) 0},/p'\'' -e '\''s/^[ABCDGIRSTW]* \([^ ]*\) \([^ ]*\)$/  {"\2", (void *) \&\2},/p'\'''
lt_cv_sys_global_symbol_to_c_name_address_lib_prefix='sed -n -e '\''s/^: \([^ ]*\)[ ]*$/  {\"\1\", (void *) 0},/p'\'' -e '\''s/^[ABCDGIRSTW]* \([^ ]*\) \(lib[^ ]*\)$/  {"\2", (void *) \&\2},/p'\'' -e '\''s/^[ABCDGIRSTW]* \([^ ]*\) \([^ ]*\)$/  {"lib\2", (void *) \&\2},/p'\'''
lt_cv_sys_global_symbol_to_cdecl='sed -n -e '\''s/^T .* \(.*\)$/extern int \1();/p'\'' -e '\''s/^[ABCDGIRSTW]* .* \(.*\)$/extern char \1;/p'\'''
lt_cv_sys_max_cmd_len=1572864
lt_cv_to_host_file_cmd=func_convert_file_noop
lt_cv_to_tool_file_cmd=func_convert_file_noop

## ----------------- ##
## Output variables. ##
## ----------------- ##

ACLOCAL='${SHELL} /home/adomurad/luv/src/zmq/config/missing aclocal-1.13'
AMDEPBACKSLASH='\'
AMDEP_FALSE='#'
AMDEP_TRUE=''
AMTAR='$${TAR-tar}'
AM_BACKSLASH='\'
AM_DEFAULT_V='$(AM_DEFAULT_VERBOSITY)'
AM_DEFAULT_VERBOSITY='0'
AM_V='$(V)'
AR='ar'
AS='as'
ASCIIDOC=''
AUTOCONF='${SHELL} /home/adomurad/luv/src/zmq/config/missing autoconf'
AUTOHEADER='${SHELL} /home/adomurad/luv/src/zmq/config/missing autoheader'
AUTOMAKE='${SHELL} /home/adomurad/luv/src/zmq/config/missing automake-1.13'
AWK='gawk'
BUILD_DOC_FALSE=''
BUILD_DOC_TRUE='#'
BUILD_PGM_FALSE=''
BUILD_PGM_TRUE='#'
CC='gcc -std=gnu99'
CCDEPMODE='depmode=gcc3'
CFLAGS='-g -O2'
CPP='gcc -std=gnu99 -E'
CPPFLAGS='-pedantic -Werror -Wall -D_GNU_SOURCE -D_REENTRANT -D_THREAD_SAFE  -DZMQ_FORCE_EPOLL'
CXX='g++'
CXXCPP='g++ -E'
CXXDEPMODE='depmode=gcc3'
CXXFLAGS='-g -O2'
CYGPATH_W='echo'
DEFS='-DHAVE_CONFIG_H'
DEPDIR='.deps'
DLLTOOL='dlltool'
DSYMUTIL=''
DUMPBIN=''
ECHO_C=''
ECHO_N='-n'
ECHO_T=''
EGREP='/usr/bin/grep -E'
EXEEXT=''
FGREP='/usr/bin/grep -F'
GREP='/usr/bin/grep'
INSTALL_DATA='${INSTALL} -m 644'
INSTALL_MAN_FALSE=''
INSTALL_MAN_TRUE='#'
INSTALL_PROGRAM='${INSTALL}'
INSTALL_SCRIPT='${INSTALL}'
INSTALL_STRIP_PROGRAM='$(install_sh) -c -s'
LD='/usr/bin/ld -m elf_x86_64'
LDFLAGS=''
LIBOBJS=''
LIBS='-lrt -lpthread '
LIBTOOL='$(SHELL) $(top_builddir)/libtool'
LIBZMQ_EXTRA_CFLAGS=''
LIBZMQ_EXTRA_CXXFLAGS='-fvisibility=hidden '
LIBZMQ_EXTRA_LDFLAGS=''
LIPO=''
LN_S='ln -s'
LTLIBOBJS=''
LTVER='3:0:0'
MAKEINFO='${SHELL} /home/adomurad/luv/src/zmq/config/missing makeinfo'
MANIFEST_TOOL=':'
MKDIR_P='/usr/bin/mkdir -p'
NM='/usr/bin/nm -B'
NMEDIT=''
OBJDUMP='objdump'
OBJEXT='o'
ON_ANDROID_FALSE=''
ON_ANDROID_TRUE='#'
ON_MINGW_FALSE=''
ON_MINGW_TRUE='#'
OTOOL64=''
OTOOL=''
OpenPGM_CFLAGS=''
OpenPGM_LIBS=''
PACKAGE='zeromq'
PACKAGE_BUGREPORT='zeromq-dev@lists.zeromq.org'
PACKAGE_NAME='zeromq'
PACKAGE_STRING='zeromq 3.2.1'
PACKAGE_TARNAME='zeromq'
PACKAGE_URL=''
PACKAGE_VERSION='3.2.1'
PATH_SEPARATOR=':'
PKG_CONFIG=''
PKG_CONFIG_LIBDIR=''
PKG_CONFIG_PATH=''
RANLIB='ranlib'
SED='/usr/bin/sed'
SET_MAKE=''
SHELL='/bin/sh'
STRIP='strip'
VERSION='3.2.1'
XMLTO=''
ac_ct_AR='ar'
ac_ct_CC='gcc'
ac_ct_CXX='g++'
ac_ct_DUMPBIN=''
am__EXEEXT_FALSE=''
am__EXEEXT_TRUE='#'
am__fastdepCC_FALSE='#'
am__fastdepCC_TRUE=''
am__fastdepCXX_FALSE='#'
am__fastdepCXX_TRUE=''
am__include='include'
am__isrc=''
am__leading_dot='.'
am__nodep='_no'
am__quote=''
am__tar='tar --format=ustar -chf - "$$tardir"'
am__untar='tar -xf -'
bindir='${exec_prefix}/bin'
build='x86_64-unknown-linux-gnu'
build_alias=''
build_cpu='x86_64'
build_os='linux-gnu'
build_vendor='unknown'
datadir='${datarootdir}'
datarootdir='${prefix}/share'
docdir='${datarootdir}/doc/${PACKAGE_TARNAME}'
dvidir='${docdir}'
exec_prefix='${prefix}'
host='x86_64-unknown-linux-gnu'
host_alias=''
host_cpu='x86_64'
host_os='linux-gnu'
host_vendor='unknown'
htmldir='${docdir}'
includedir='${prefix}/include'
infodir='${datarootdir}/info'
install_sh='${SHELL} /home/adomurad/luv/src/zmq/config/install-sh'
libdir='${exec_prefix}/lib'
libexecdir='${exec_prefix}/libexec'
libzmq_have_asciidoc='no'
libzmq_have_xmlto='no'
localedir='${datarootdir}/locale'
localstatedir='${prefix}/var'
mandir='${datarootdir}/man'
mkdir_p='$(MKDIR_P)'
oldincludedir='/usr/include'
pdfdir='${docdir}'
pgm_basename='libpgm-5.1.118~dfsg'
pgm_srcdir=''
pgm_subdir=''
prefix='/usr/local'
program_transform_name='s,x,x,'
psdir='${docdir}'
sbindir='${exec_prefix}/sbin'
sharedstatedir='${prefix}/com'
subdirs=''
sysconfdir='${prefix}/etc'
target_alias=''

## ----------- ##
## confdefs.h. ##
## ----------- ##

/* confdefs.h */
#define PACKAGE_NAME "zeromq"
#define PACKAGE_TARNAME "zeromq"
#define PACKAGE_VERSION "3.2.1"
#define PACKAGE_STRING "zeromq 3.2.1"
#define PACKAGE_BUGREPORT "zeromq-dev@lists.zeromq.org"
#define PACKAGE_URL ""
#define PACKAGE "zeromq"
#define VERSION "3.2.1"
#define STDC_HEADERS 1
#define HAVE_SYS_TYPES_H 1
#define HAVE_SYS_STAT_H 1
#define HAVE_STDLIB_H 1
#define HAVE_STRING_H 1
#define HAVE_MEMORY_H 1
#define HAVE_STRINGS_H 1
#define HAVE_INTTYPES_H 1
#define HAVE_STDINT_H 1
#define HAVE_UNISTD_H 1
#define HAVE_DLFCN_H 1
#define LT_OBJDIR ".libs/"
#define HAVE_LIBPTHREAD 1
#define HAVE_LIBRT 1
#define ZMQ_HAVE_LINUX 1
#define STDC_HEADERS 1
#define HAVE_ERRNO_H 1
#define HAVE_ARPA_INET_H 1
#define HAVE_NETINET_TCP_H 1
#define HAVE_NETINET_IN_H 1
#define HAVE_STDDEF_H 1
#define HAVE_STDLIB_H 1
#define HAVE_STRING_H 1
#define HAVE_SYS_SOCKET_H 1
#define HAVE_SYS_TIME_H 1
#define HAVE_TIME_H 1
#define HAVE_UNISTD_H 1
#define HAVE_LIMITS_H 1
#define HAVE_IFADDRS_H 1
#define ZMQ_HAVE_IFADDRS 1
#define HAVE_SYS_UIO_H 1
#define ZMQ_HAVE_UIO 1
#define HAVE_SYS_EVENTFD_H 1
#define ZMQ_HAVE_EVENTFD 1
#define HAVE_STDBOOL_H 1
#define TIME_WITH_SYS_TIME 1
#define RETSIGTYPE void
#define HAVE_PERROR 1
#define HAVE_GETTIMEOFDAY 1
#define HAVE_CLOCK_GETTIME 1
#define HAVE_MEMSET 1
#define HAVE_SOCKET 1
#define HAVE_GETIFADDRS 1
#define HAVE_FREEIFADDRS 1
#define HAVE_ALLOCA_H 1
#define ZMQ_HAVE_SOCK_CLOEXEC 1
#define ZMQ_HAVE_SO_KEEPALIVE 1
#define ZMQ_HAVE_TCP_KEEPCNT 1
#define ZMQ_HAVE_TCP_KEEPIDLE 1
#define ZMQ_HAVE_TCP_KEEPINTVL 1

configure: exit 0
